Determining if the pthread_create exist failed with the following output:
Change Dir: /u5/daleon/cs488/cs488/shared/glfw-3.1.1/build/CMakeFiles/CMakeTmp

Run Build Command:/usr/bin/make "cmTryCompileExec3696475490/fast"
/usr/bin/make -f CMakeFiles/cmTryCompileExec3696475490.dir/build.make CMakeFiles/cmTryCompileExec3696475490.dir/build
make[1]: Entering directory `/u5/daleon/cs488/cs488/shared/glfw-3.1.1/build/CMakeFiles/CMakeTmp'
/usr/bin/cmake -E cmake_progress_report /u5/daleon/cs488/cs488/shared/glfw-3.1.1/build/CMakeFiles/CMakeTmp/CMakeFiles 1
Building C object CMakeFiles/cmTryCompileExec3696475490.dir/CheckSymbolExists.c.o
/usr/bin/cc    -o CMakeFiles/cmTryCompileExec3696475490.dir/CheckSymbolExists.c.o   -c /u5/daleon/cs488/cs488/shared/glfw-3.1.1/build/CMakeFiles/CMakeTmp/CheckSymbolExists.c
Linking C executable cmTryCompileExec3696475490
/usr/bin/cmake -E cmake_link_script CMakeFiles/cmTryCompileExec3696475490.dir/link.txt --verbose=1
/usr/bin/cc       CMakeFiles/cmTryCompileExec3696475490.dir/CheckSymbolExists.c.o  -o cmTryCompileExec3696475490 -rdynamic 
CMakeFiles/cmTryCompileExec3696475490.dir/CheckSymbolExists.c.o: In function `main':
CheckSymbolExists.c:(.text+0x16): undefined reference to `pthread_create'
collect2: error: ld returned 1 exit status
make[1]: *** [cmTryCompileExec3696475490] Error 1
make[1]: Leaving directory `/u5/daleon/cs488/cs488/shared/glfw-3.1.1/build/CMakeFiles/CMakeTmp'
make: *** [cmTryCompileExec3696475490/fast] Error 2

File /u5/daleon/cs488/cs488/shared/glfw-3.1.1/build/CMakeFiles/CMakeTmp/CheckSymbolExists.c:
/* */
#include <pthread.h>

int main(int argc, char** argv)
{
  (void)argv;
#ifndef pthread_create
  return ((int*)(&pthread_create))[argc];
#else
  (void)argc;
  return 0;
#endif
}

Determining if the function pthread_create exists in the pthreads failed with the following output:
Change Dir: /u5/daleon/cs488/cs488/shared/glfw-3.1.1/build/CMakeFiles/CMakeTmp

Run Build Command:/usr/bin/make "cmTryCompileExec1005962619/fast"
/usr/bin/make -f CMakeFiles/cmTryCompileExec1005962619.dir/build.make CMakeFiles/cmTryCompileExec1005962619.dir/build
make[1]: Entering directory `/u5/daleon/cs488/cs488/shared/glfw-3.1.1/build/CMakeFiles/CMakeTmp'
/usr/bin/cmake -E cmake_progress_report /u5/daleon/cs488/cs488/shared/glfw-3.1.1/build/CMakeFiles/CMakeTmp/CMakeFiles 1
Building C object CMakeFiles/cmTryCompileExec1005962619.dir/CheckFunctionExists.c.o
/usr/bin/cc   -DCHECK_FUNCTION_EXISTS=pthread_create   -o CMakeFiles/cmTryCompileExec1005962619.dir/CheckFunctionExists.c.o   -c /usr/share/cmake-2.8/Modules/CheckFunctionExists.c
Linking C executable cmTryCompileExec1005962619
/usr/bin/cmake -E cmake_link_script CMakeFiles/cmTryCompileExec1005962619.dir/link.txt --verbose=1
/usr/bin/cc   -DCHECK_FUNCTION_EXISTS=pthread_create    CMakeFiles/cmTryCompileExec1005962619.dir/CheckFunctionExists.c.o  -o cmTryCompileExec1005962619 -rdynamic -lpthreads 
/usr/bin/ld: cannot find -lpthreads
collect2: error: ld returned 1 exit status
make[1]: *** [cmTryCompileExec1005962619] Error 1
make[1]: Leaving directory `/u5/daleon/cs488/cs488/shared/glfw-3.1.1/build/CMakeFiles/CMakeTmp'
make: *** [cmTryCompileExec1005962619/fast] Error 2


Determining if the function glXGetProcAddressEXT exists failed with the following output:
Change Dir: /u5/daleon/cs488/cs488/shared/glfw-3.1.1/build/CMakeFiles/CMakeTmp

Run Build Command:/usr/bin/make "cmTryCompileExec3277875113/fast"
/usr/bin/make -f CMakeFiles/cmTryCompileExec3277875113.dir/build.make CMakeFiles/cmTryCompileExec3277875113.dir/build
make[1]: Entering directory `/u5/daleon/cs488/cs488/shared/glfw-3.1.1/build/CMakeFiles/CMakeTmp'
/usr/bin/cmake -E cmake_progress_report /u5/daleon/cs488/cs488/shared/glfw-3.1.1/build/CMakeFiles/CMakeTmp/CMakeFiles 1
Building C object CMakeFiles/cmTryCompileExec3277875113.dir/CheckFunctionExists.c.o
/usr/bin/cc   -DCHECK_FUNCTION_EXISTS=glXGetProcAddressEXT   -o CMakeFiles/cmTryCompileExec3277875113.dir/CheckFunctionExists.c.o   -c /usr/share/cmake-2.8/Modules/CheckFunctionExists.c
Linking C executable cmTryCompileExec3277875113
/usr/bin/cmake -E cmake_link_script CMakeFiles/cmTryCompileExec3277875113.dir/link.txt --verbose=1
/usr/bin/cc   -DCHECK_FUNCTION_EXISTS=glXGetProcAddressEXT    CMakeFiles/cmTryCompileExec3277875113.dir/CheckFunctionExists.c.o  -o cmTryCompileExec3277875113 -rdynamic -lGL 
CMakeFiles/cmTryCompileExec3277875113.dir/CheckFunctionExists.c.o: In function `main':
CheckFunctionExists.c:(.text+0x15): undefined reference to `glXGetProcAddressEXT'
collect2: error: ld returned 1 exit status
make[1]: *** [cmTryCompileExec3277875113] Error 1
make[1]: Leaving directory `/u5/daleon/cs488/cs488/shared/glfw-3.1.1/build/CMakeFiles/CMakeTmp'
make: *** [cmTryCompileExec3277875113/fast] Error 2


